2018-09-09 14:06:19.802  INFO 3664 --- [main] com.app.evently.bootstrap.Bootstrap      : Starting Bootstrap on chandan-pc with PID 3664 (E:\evently\project\com.app.evently\target\classes started by chandan in E:\evently\project\com.app.evently)
2018-09-09 14:06:19.814  INFO 3664 --- [main] com.app.evently.bootstrap.Bootstrap      : No active profile set, falling back to default profiles: default
2018-09-09 14:06:19.963  INFO 3664 --- [main] ConfigServletWebServerApplicationContext : Refreshing org.springframework.boot.web.servlet.context.AnnotationConfigServletWebServerApplicationContext@60611244: startup date [Sun Sep 09 14:06:19 PDT 2018]; root of context hierarchy
2018-09-09 14:06:23.315  INFO 3664 --- [main] o.s.b.w.embedded.tomcat.TomcatWebServer  : Tomcat initialized with port(s): 8001 (http)
2018-09-09 14:06:23.379  INFO 3664 --- [main] o.apache.catalina.core.StandardService   : Starting service [Tomcat]
2018-09-09 14:06:23.379  INFO 3664 --- [main] org.apache.catalina.core.StandardEngine  : Starting Servlet Engine: Apache Tomcat/8.5.32
2018-09-09 14:06:23.401  INFO 3664 --- [localhost-startStop-1] o.a.catalina.core.AprLifecycleListener   : The APR based Apache Tomcat Native library which allows optimal performance in production environments was not found on the java.library.path: [C:\Program Files\Java\jre1.8.0_101\bin;C:\Windows\Sun\Java\bin;C:\Windows\system32;C:\Windows;C:/Program Files/Java/jre1.8.0_101/bin/server;C:/Program Files/Java/jre1.8.0_101/bin;C:/Program Files/Java/jre1.8.0_101/lib/amd64;C:\ProgramData\Oracle\Java\javapath;C:\Program Files\Broadcom\Broadcom 802.11\Driver;;;c:\Program Files (x86)\AMD APP\bin\x86_64;c:\Program Files (x86)\AMD APP\bin\x86;C:\Program Files (x86)\Intel\iCLS Client\;C:\Program Files\Intel\iCLS Client\;C:\Windows\system32;C:\Windows;C:\Windows\System32\Wbem;C:\Windows\System32\WindowsPowerShell\v1.0\;C:\Program Files\Intel\Intel(R) Management Engine Components\DAL;C:\Program Files\Intel\Intel(R) Management Engine Components\IPT;C:\Program Files (x86)\Intel\Intel(R) Management Engine Components\DAL;C:\Program Files (x86)\Intel\Intel(R) Management Engine Components\IPT;c:\Program Files (x86)\ATI Technologies\ATI.ACE\Core-Static;C:\Program Files\TortoiseSVN\bin;E:\tools\sts-bundle\sts-3.9.5.RELEASE;;.]
2018-09-09 14:06:23.797  INFO 3664 --- [localhost-startStop-1] o.a.c.c.C.[Tomcat].[localhost].[/]       : Initializing Spring embedded WebApplicationContext
2018-09-09 14:06:23.799  INFO 3664 --- [localhost-startStop-1] o.s.web.context.ContextLoader            : Root WebApplicationContext: initialization completed in 3836 ms
2018-09-09 14:06:23.957  INFO 3664 --- [localhost-startStop-1] o.s.b.w.servlet.ServletRegistrationBean  : Servlet dispatcherServlet mapped to [/]
2018-09-09 14:06:23.966  INFO 3664 --- [localhost-startStop-1] o.s.b.w.servlet.FilterRegistrationBean   : Mapping filter: 'characterEncodingFilter' to: [/*]
2018-09-09 14:06:23.966  INFO 3664 --- [localhost-startStop-1] o.s.b.w.servlet.FilterRegistrationBean   : Mapping filter: 'hiddenHttpMethodFilter' to: [/*]
2018-09-09 14:06:23.966  INFO 3664 --- [localhost-startStop-1] o.s.b.w.servlet.FilterRegistrationBean   : Mapping filter: 'httpPutFormContentFilter' to: [/*]
2018-09-09 14:06:23.967  INFO 3664 --- [localhost-startStop-1] o.s.b.w.servlet.FilterRegistrationBean   : Mapping filter: 'requestContextFilter' to: [/*]
2018-09-09 14:06:24.594  INFO 3664 --- [main] org.mongodb.driver.cluster               : Cluster created with settings {hosts=[localhost:27017], mode=MULTIPLE, requiredClusterType=UNKNOWN, serverSelectionTimeout='30000 ms', maxWaitQueueSize=500}
2018-09-09 14:06:24.595  INFO 3664 --- [main] org.mongodb.driver.cluster               : Adding discovered server localhost:27017 to client view of cluster
2018-09-09 14:06:24.707  INFO 3664 --- [cluster-ClusterId{value='5b958b503673130e500e571a', description='null'}-localhost:27017] org.mongodb.driver.connection            : Opened connection [connectionId{localValue:1, serverValue:7}] to localhost:27017
2018-09-09 14:06:24.715  INFO 3664 --- [cluster-ClusterId{value='5b958b503673130e500e571a', description='null'}-localhost:27017] org.mongodb.driver.cluster               : Monitor thread successfully connected to server with description ServerDescription{address=localhost:27017, type=STANDALONE, state=CONNECTED, ok=true, version=ServerVersion{versionList=[4, 0, 0]}, minWireVersion=0, maxWireVersion=7, maxDocumentSize=16777216, logicalSessionTimeoutMinutes=30, roundTripTimeNanos=5279786}
2018-09-09 14:06:24.717  INFO 3664 --- [cluster-ClusterId{value='5b958b503673130e500e571a', description='null'}-localhost:27017] org.mongodb.driver.cluster               : Discovered cluster type of STANDALONE
2018-09-09 14:06:25.169  INFO 3664 --- [main] org.mongodb.driver.connection            : Opened connection [connectionId{localValue:2, serverValue:8}] to localhost:27017
2018-09-09 14:06:25.445  INFO 3664 --- [main] o.s.w.s.handler.SimpleUrlHandlerMapping  : Mapped URL path [/**/favicon.ico] onto handler of type [class org.springframework.web.servlet.resource.ResourceHttpRequestHandler]
2018-09-09 14:06:25.897  INFO 3664 --- [main] s.w.s.m.m.a.RequestMappingHandlerAdapter : Looking for @ControllerAdvice: org.springframework.boot.web.servlet.context.AnnotationConfigServletWebServerApplicationContext@60611244: startup date [Sun Sep 09 14:06:19 PDT 2018]; root of context hierarchy
2018-09-09 14:06:26.020  INFO 3664 --- [main] s.w.s.m.m.a.RequestMappingHandlerMapping : Mapped "{[/OfferRestController/getOfferBasicDetails/{offerId}],methods=[GET]}" onto public com.app.evently.response.GetOfferAmountsResponse com.app.evently.controller.OfferRestController.getOfferAmounts(java.lang.String)
2018-09-09 14:06:26.023  INFO 3664 --- [main] s.w.s.m.m.a.RequestMappingHandlerMapping : Mapped "{[/OfferRestController/getAllOffers],methods=[GET]}" onto public com.app.evently.response.GetAllOffersResponse com.app.evently.controller.OfferRestController.getAllOffers()
2018-09-09 14:06:26.025  INFO 3664 --- [main] s.w.s.m.m.a.RequestMappingHandlerMapping : Mapped "{[/OfferRestController/createOffer],methods=[POST]}" onto public com.app.evently.infra.TransactionStatus com.app.evently.controller.OfferRestController.createOffer(com.app.evently.model.Offer)
2018-09-09 14:06:26.026  INFO 3664 --- [main] s.w.s.m.m.a.RequestMappingHandlerMapping : Mapped "{[/OfferRestController/getOfferByName/{offerName}],methods=[GET]}" onto public com.app.evently.response.GetOfferByNameResponse com.app.evently.controller.OfferRestController.getOfferByName(java.lang.String)
2018-09-09 14:06:26.028  INFO 3664 --- [main] s.w.s.m.m.a.RequestMappingHandlerMapping : Mapped "{[/OfferRestController/getOfferById/{offerId}],methods=[GET]}" onto public com.app.evently.response.GetOffferByIdResponse com.app.evently.controller.OfferRestController.getOfferById(java.lang.String)
2018-09-09 14:06:26.028  INFO 3664 --- [main] s.w.s.m.m.a.RequestMappingHandlerMapping : Mapped "{[/OfferRestController/updateOfferAmount/{offerId}/{offerAmount}],methods=[GET]}" onto public com.app.evently.infra.TransactionStatus com.app.evently.controller.OfferRestController.updateOfferAmount(java.lang.String,java.lang.Double)
2018-09-09 14:06:26.034  INFO 3664 --- [main] s.w.s.m.m.a.RequestMappingHandlerMapping : Mapped "{[/error]}" onto public org.springframework.http.ResponseEntity<java.util.Map<java.lang.String, java.lang.Object>> org.springframework.boot.autoconfigure.web.servlet.error.BasicErrorController.error(javax.servlet.http.HttpServletRequest)
2018-09-09 14:06:26.035  INFO 3664 --- [main] s.w.s.m.m.a.RequestMappingHandlerMapping : Mapped "{[/error],produces=[text/html]}" onto public org.springframework.web.servlet.ModelAndView org.springframework.boot.autoconfigure.web.servlet.error.BasicErrorController.errorHtml(javax.servlet.http.HttpServletRequest,javax.servlet.http.HttpServletResponse)
2018-09-09 14:06:26.088  INFO 3664 --- [main] o.s.w.s.handler.SimpleUrlHandlerMapping  : Mapped URL path [/webjars/**] onto handler of type [class org.springframework.web.servlet.resource.ResourceHttpRequestHandler]
2018-09-09 14:06:26.088  INFO 3664 --- [main] o.s.w.s.handler.SimpleUrlHandlerMapping  : Mapped URL path [/**] onto handler of type [class org.springframework.web.servlet.resource.ResourceHttpRequestHandler]
2018-09-09 14:06:26.409  INFO 3664 --- [main] o.s.j.e.a.AnnotationMBeanExporter        : Registering beans for JMX exposure on startup
2018-09-09 14:06:26.476  INFO 3664 --- [main] o.s.b.w.embedded.tomcat.TomcatWebServer  : Tomcat started on port(s): 8001 (http) with context path ''
2018-09-09 14:06:26.482  INFO 3664 --- [main] com.app.evently.bootstrap.Bootstrap      : Started Bootstrap in 7.295 seconds (JVM running for 7.883)
2018-09-09 14:09:37.862  INFO 3664 --- [http-nio-8001-exec-1] o.a.c.c.C.[Tomcat].[localhost].[/]       : Initializing Spring FrameworkServlet 'dispatcherServlet'
2018-09-09 14:09:37.863  INFO 3664 --- [http-nio-8001-exec-1] o.s.web.servlet.DispatcherServlet        : FrameworkServlet 'dispatcherServlet': initialization started
2018-09-09 14:09:37.888  INFO 3664 --- [http-nio-8001-exec-1] o.s.web.servlet.DispatcherServlet        : FrameworkServlet 'dispatcherServlet': initialization completed in 22 ms
